# JRE version: OpenJDK Runtime Environment (11.0.11+9) (build 11.0.11+9-b60-7590822)
# Java VM: OpenJDK 64-Bit Server VM (11.0.11+9-b60-7590822, mixed mode, tiered, compressed oops, g1 gc, windows-amd64)
Heap:
 garbage-first heap   total 262144K, used 187689K [0x00000000a0000000, 0x0000000100000000)
  region size 1024K, 43 young (44032K), 6 survivors (6144K)
 Metaspace       used 101852K, capacity 105670K, committed 106072K, reserved 1140736K
  class space    used 12852K, capacity 14033K, committed 14208K, reserved 1048576K
GC Heap History (20 events):
Event: 50.436 GC heap before
{Heap before GC invocations=48 (full 0):
 garbage-first heap   total 262144K, used 211867K [0x00000000a0000000, 0x0000000100000000)
  region size 1024K, 76 young (77824K), 2 survivors (2048K)
 Metaspace       used 100256K, capacity 104033K, committed 104792K, reserved 1140736K
  class space    used 12770K, capacity 13947K, committed 14208K, reserved 1048576K
}
Event: 50.443 GC heap after
{Heap after GC invocations=49 (full 0):
 garbage-first heap   total 262144K, used 139328K [0x00000000a0000000, 0x0000000100000000)
  region size 1024K, 6 young (6144K), 6 survivors (6144K)
 Metaspace       used 100256K, capacity 104033K, committed 104792K, reserved 1140736K
  class space    used 12770K, capacity 13947K, committed 14208K, reserved 1048576K
}
Event: 50.497 GC heap before
{Heap before GC invocations=49 (full 0):
 garbage-first heap   total 262144K, used 145472K [0x00000000a0000000, 0x0000000100000000)
  region size 1024K, 12 young (12288K), 6 survivors (6144K)
 Metaspace       used 100307K, capacity 104080K, committed 104792K, reserved 1140736K
  class space    used 12774K, capacity 13984K, committed 14208K, reserved 1048576K
}
Event: 50.501 GC heap after
{Heap after GC invocations=50 (full 0):
 garbage-first heap   total 262144K, used 137954K [0x00000000a0000000, 0x0000000100000000)
  region size 1024K, 1 young (1024K), 1 survivors (1024K)
 Metaspace       used 100307K, capacity 104080K, committed 104792K, reserved 1140736K
  class space    used 12774K, capacity 13984K, committed 14208K, reserved 1048576K
}
Event: 51.050 GC heap before
{Heap before GC invocations=50 (full 0):
 garbage-first heap   total 262144K, used 212706K [0x00000000a0000000, 0x0000000100000000)
  region size 1024K, 75 young (76800K), 1 survivors (1024K)
 Metaspace       used 100579K, capacity 104383K, committed 105048K, reserved 1140736K
  class space    used 12781K, capacity 13992K, committed 14208K, reserved 1048576K
}
Event: 51.058 GC heap after
{Heap after GC invocations=51 (full 0):
 garbage-first heap   total 262144K, used 141534K [0x00000000a0000000, 0x0000000100000000)
  region size 1024K, 5 young (5120K), 5 survivors (5120K)
 Metaspace       used 100579K, capacity 104383K, committed 105048K, reserved 1140736K
  class space    used 12781K, capacity 13992K, committed 14208K, reserved 1048576K
}
Event: 70.423 GC heap before
{Heap before GC invocations=52 (full 0):
 garbage-first heap   total 262144K, used 217310K [0x00000000a0000000, 0x0000000100000000)
  region size 1024K, 78 young (79872K), 5 survivors (5120K)
 Metaspace       used 101660K, capacity 105417K, committed 105816K, reserved 1140736K
  class space    used 12852K, capacity 14034K, committed 14208K, reserved 1048576K
}
Event: 70.427 GC heap after
{Heap after GC invocations=53 (full 0):
 garbage-first heap   total 262144K, used 146239K [0x00000000a0000000, 0x0000000100000000)
  region size 1024K, 9 young (9216K), 9 survivors (9216K)
 Metaspace       used 101660K, capacity 105417K, committed 105816K, reserved 1140736K
  class space    used 12852K, capacity 14034K, committed 14208K, reserved 1048576K
}
Event: 70.431 GC heap before
{Heap before GC invocations=53 (full 0):
 garbage-first heap   total 262144K, used 148287K [0x00000000a0000000, 0x0000000100000000)
  region size 1024K, 12 young (12288K), 9 survivors (9216K)
 Metaspace       used 101663K, capacity 105417K, committed 105816K, reserved 1140736K
  class space    used 12852K, capacity 14034K, committed 14208K, reserved 1048576K
}
Event: 70.435 GC heap after
{Heap after GC invocations=54 (full 0):
 garbage-first heap   total 262144K, used 145257K [0x00000000a0000000, 0x0000000100000000)
  region size 1024K, 2 young (2048K), 2 survivors (2048K)
 Metaspace       used 101663K, capacity 105417K, committed 105816K, reserved 1140736K
  class space    used 12852K, capacity 14034K, committed 14208K, reserved 1048576K
}
Event: 70.568 GC heap before
{Heap before GC invocations=54 (full 0):
 garbage-first heap   total 262144K, used 216937K [0x00000000a0000000, 0x0000000100000000)
  region size 1024K, 72 young (73728K), 2 survivors (2048K)
 Metaspace       used 101771K, capacity 105545K, committed 106072K, reserved 1140736K
  class space    used 12852K, capacity 14034K, committed 14208K, reserved 1048576K
}
Event: 70.570 GC heap after
{Heap after GC invocations=55 (full 0):
 garbage-first heap   total 262144K, used 145613K [0x00000000a0000000, 0x0000000100000000)
  region size 1024K, 2 young (2048K), 2 survivors (2048K)
 Metaspace       used 101771K, capacity 105545K, committed 106072K, reserved 1140736K
  class space    used 12852K, capacity 14034K, committed 14208K, reserved 1048576K
}
Event: 70.722 GC heap before
{Heap before GC invocations=56 (full 0):
 garbage-first heap   total 262144K, used 219341K [0x00000000a0000000, 0x0000000100000000)
  region size 1024K, 74 young (75776K), 2 survivors (2048K)
 Metaspace       used 101837K, capacity 105670K, committed 106072K, reserved 1140736K
  class space    used 12852K, capacity 14033K, committed 14208K, reserved 1048576K
}
Event: 70.724 GC heap after
{Heap after GC invocations=57 (full 0):
 garbage-first heap   total 262144K, used 147030K [0x00000000a0000000, 0x0000000100000000)
  region size 1024K, 4 young (4096K), 4 survivors (4096K)
 Metaspace       used 101837K, capacity 105670K, committed 106072K, reserved 1140736K
  class space    used 12852K, capacity 14033K, committed 14208K, reserved 1048576K
}
Event: 70.736 GC heap before
{Heap before GC invocations=57 (full 0):
 garbage-first heap   total 262144K, used 155222K [0x00000000a0000000, 0x0000000100000000)
  region size 1024K, 12 young (12288K), 4 survivors (4096K)
 Metaspace       used 101837K, capacity 105670K, committed 106072K, reserved 1140736K
  class space    used 12852K, capacity 14033K, committed 14208K, reserved 1048576K
}
Event: 70.738 GC heap after
{Heap after GC invocations=58 (full 0):
 garbage-first heap   total 262144K, used 146020K [0x00000000a0000000, 0x0000000100000000)
  region size 1024K, 1 young (1024K), 1 survivors (1024K)
 Metaspace       used 101837K, capacity 105670K, committed 106072K, reserved 1140736K
  class space    used 12852K, capacity 14033K, committed 14208K, reserved 1048576K
}
Event: 74.559 GC heap before
{Heap before GC invocations=58 (full 0):
 garbage-first heap   total 262144K, used 220772K [0x00000000a0000000, 0x0000000100000000)
  region size 1024K, 74 young (75776K), 1 survivors (1024K)
 Metaspace       used 101843K, capacity 105670K, committed 106072K, reserved 1140736K
  class space    used 12852K, capacity 14033K, committed 14208K, reserved 1048576K
}
Event: 74.561 GC heap after
{Heap after GC invocations=59 (full 0):
 garbage-first heap   total 262144K, used 150804K [0x00000000a0000000, 0x0000000100000000)
  region size 1024K, 6 young (6144K), 6 survivors (6144K)
 Metaspace       used 101843K, capacity 105670K, committed 106072K, reserved 1140736K
  class space    used 12852K, capacity 14033K, committed 14208K, reserved 1048576K
}
Event: 74.653 GC heap before
{Heap before GC invocations=59 (full 0):
 garbage-first heap   total 262144K, used 221460K [0x00000000a0000000, 0x0000000100000000)
  region size 1024K, 75 young (76800K), 6 survivors (6144K)
 Metaspace       used 101847K, capacity 105670K, committed 106072K, reserved 1140736K
  class space    used 12852K, capacity 14033K, committed 14208K, reserved 1048576K
}
Event: 74.654 GC heap after
{Heap after GC invocations=60 (full 0):
 garbage-first heap   total 262144K, used 150825K [0x00000000a0000000, 0x0000000100000000)
  region size 1024K, 6 young (6144K), 6 survivors (6144K)
 Metaspace       used 101847K, capacity 105670K, committed 106072K, reserved 1140736K
  class space    used 12852K, capacity 14033K, committed 14208K, reserved 1048576K
}

